INFO:     Will watch for changes in these directories: ['/root/quant/server']
INFO:     Uvicorn running on http://0.0.0.0:8000 (Press CTRL+C to quit)
INFO:     Started reloader process [8790] using WatchFiles
INFO:     Started server process [8797]
INFO:     Waiting for application startup.
INFO:     Application startup complete.
INFO:     127.0.0.1:42875 - "GET /api/strategy/list HTTP/1.1" 200 OK
INFO:     127.0.0.1:42891 - "GET /api/strategy/list HTTP/1.1" 200 OK
2026-05-10 19:02:40.281 | DEBUG    | quant.data.cache:load_cache:36 - Loading cache for 600519
2026-05-10 19:02:40.282 | INFO     | quant.data.tushare_feed:subscribe:105 - Subscribed 600519: 725 bars
2026-05-10 19:02:40.283 | INFO     | quant.engine.backtest:run:39 - Backtest started
2026-05-10 19:02:40.305 | DEBUG    | quant.execution.simulated:submit_order:25 - FILL BUY 600519 qty=100 price=1807.58 comm=45.19
2026-05-10 19:02:40.337 | DEBUG    | quant.execution.simulated:submit_order:25 - FILL SELL 600519 qty=100 price=1630.00 comm=40.75
2026-05-10 19:02:40.371 | DEBUG    | quant.execution.simulated:submit_order:25 - FILL BUY 600519 qty=100 price=1702.58 comm=42.56
2026-05-10 19:02:40.386 | DEBUG    | quant.execution.simulated:submit_order:25 - FILL SELL 600519 qty=100 price=1602.99 comm=40.07
2026-05-10 19:02:40.411 | DEBUG    | quant.execution.simulated:submit_order:25 - FILL BUY 600519 qty=100 price=1565.00 comm=39.12
2026-05-10 19:02:40.415 | DEBUG    | quant.execution.simulated:submit_order:25 - FILL SELL 600519 qty=100 price=1511.00 comm=37.77
2026-05-10 19:02:40.441 | DEBUG    | quant.execution.simulated:submit_order:25 - FILL BUY 600519 qty=100 price=1564.00 comm=39.10
2026-05-10 19:02:40.487 | DEBUG    | quant.execution.simulated:submit_order:25 - FILL SELL 600519 qty=100 price=1444.41 comm=36.11
2026-05-10 19:02:40.525 | DEBUG    | quant.execution.simulated:submit_order:25 - FILL BUY 600519 qty=100 price=1486.60 comm=37.16
2026-05-10 19:02:40.531 | DEBUG    | quant.execution.simulated:submit_order:25 - FILL SELL 600519 qty=100 price=1406.00 comm=35.15
2026-05-10 19:02:40.533 | DEBUG    | quant.execution.simulated:submit_order:25 - FILL BUY 600519 qty=200 price=1395.00 comm=69.75
2026-05-10 19:02:40.575 | INFO     | quant.engine.backtest:run:94 - Backtest finished: 725 bars, 11 trades
INFO:     127.0.0.1:40983 - "POST /api/backtest/run HTTP/1.1" 200 OK
INFO:     127.0.0.1:42599 - "GET /api/strategy/list HTTP/1.1" 200 OK
INFO:     127.0.0.1:42601 - "GET /api/strategy/list HTTP/1.1" 200 OK
2026-05-10 19:13:16.560 | DEBUG    | quant.data.cache:load_cache:36 - Loading cache for 002657
2026-05-10 19:13:16.561 | INFO     | quant.data.tushare_feed:subscribe:105 - Subscribed 002657: 752 bars
2026-05-10 19:13:16.561 | INFO     | quant.engine.backtest:run:39 - Backtest started
2026-05-10 19:13:16.569 | DEBUG    | quant.execution.simulated:submit_order:25 - FILL BUY 002657 qty=17900 price=16.62 comm=74.37
2026-05-10 19:13:16.572 | DEBUG    | quant.execution.simulated:submit_order:25 - FILL SELL 002657 qty=17900 price=16.44 comm=73.57
2026-05-10 19:13:16.572 | DEBUG    | quant.execution.simulated:submit_order:25 - FILL BUY 002657 qty=17400 price=16.89 comm=73.47
2026-05-10 19:13:16.572 | DEBUG    | quant.execution.simulated:submit_order:25 - FILL SELL 002657 qty=17400 price=17.06 comm=74.21
2026-05-10 19:13:16.575 | DEBUG    | quant.execution.simulated:submit_order:25 - FILL BUY 002657 qty=18500 price=16.09 comm=74.42
2026-05-10 19:13:16.578 | DEBUG    | quant.execution.simulated:submit_order:25 - FILL SELL 002657 qty=18500 price=16.38 comm=75.76
2026-05-10 19:13:16.583 | DEBUG    | quant.execution.simulated:submit_order:25 - FILL BUY 002657 qty=20400 price=14.67 comm=74.82
2026-05-10 19:13:16.589 | DEBUG    | quant.execution.simulated:submit_order:25 - FILL SELL 002657 qty=20400 price=20.18 comm=102.92
2026-05-10 19:13:16.597 | DEBUG    | quant.execution.simulated:submit_order:25 - FILL BUY 002657 qty=20900 price=15.67 comm=81.88
2026-05-10 19:13:16.601 | DEBUG    | quant.execution.simulated:submit_order:25 - FILL SELL 002657 qty=20900 price=15.37 comm=80.31
2026-05-10 19:13:16.604 | DEBUG    | quant.execution.simulated:submit_order:25 - FILL BUY 002657 qty=24500 price=13.53 comm=82.87
2026-05-10 19:13:16.605 | DEBUG    | quant.execution.simulated:submit_order:25 - FILL SELL 002657 qty=24500 price=13.08 comm=80.11
2026-05-10 19:13:16.611 | DEBUG    | quant.execution.simulated:submit_order:25 - FILL BUY 002657 qty=26300 price=12.91 comm=84.88
2026-05-10 19:13:16.612 | DEBUG    | quant.execution.simulated:submit_order:25 - FILL SELL 002657 qty=26300 price=11.51 comm=75.68
2026-05-10 19:13:16.615 | DEBUG    | quant.execution.simulated:submit_order:25 - FILL BUY 002657 qty=27500 price=11.55 comm=79.41
2026-05-10 19:13:16.616 | DEBUG    | quant.execution.simulated:submit_order:25 - FILL SELL 002657 qty=27500 price=11.09 comm=76.24
2026-05-10 19:13:16.619 | DEBUG    | quant.execution.simulated:submit_order:25 - FILL BUY 002657 qty=28500 price=10.92 comm=77.81
2026-05-10 19:13:16.628 | DEBUG    | quant.execution.simulated:submit_order:25 - FILL SELL 002657 qty=28500 price=19.95 comm=142.14
2026-05-10 19:13:16.630 | DEBUG    | quant.execution.simulated:submit_order:25 - FILL BUY 002657 qty=16200 price=25.15 comm=101.86
2026-05-10 19:13:16.631 | DEBUG    | quant.execution.simulated:submit_order:25 - FILL SELL 002657 qty=16200 price=20.58 comm=83.35
2026-05-10 19:13:16.635 | DEBUG    | quant.execution.simulated:submit_order:25 - FILL BUY 002657 qty=20300 price=18.26 comm=92.67
2026-05-10 19:13:16.639 | DEBUG    | quant.execution.simulated:submit_order:25 - FILL SELL 002657 qty=20300 price=18.95 comm=96.17
2026-05-10 19:13:16.640 | DEBUG    | quant.execution.simulated:submit_order:25 - FILL BUY 002657 qty=17800 price=21.18 comm=94.25
2026-05-10 19:13:16.643 | DEBUG    | quant.execution.simulated:submit_order:25 - FILL SELL 002657 qty=17800 price=19.70 comm=87.67
2026-05-10 19:13:16.647 | DEBUG    | quant.execution.simulated:submit_order:25 - FILL BUY 002657 qty=19000 price=19.24 comm=91.39
2026-05-10 19:13:16.650 | DEBUG    | quant.execution.simulated:submit_order:25 - FILL SELL 002657 qty=19000 price=19.68 comm=93.48
2026-05-10 19:13:16.651 | DEBUG    | quant.execution.simulated:submit_order:25 - FILL BUY 002657 qty=16700 price=23.50 comm=98.11
2026-05-10 19:13:16.660 | DEBUG    | quant.execution.simulated:submit_order:25 - FILL SELL 002657 qty=16700 price=28.80 comm=120.24
2026-05-10 19:13:16.661 | DEBUG    | quant.execution.simulated:submit_order:25 - FILL BUY 002657 qty=12700 price=32.15 comm=102.08
2026-05-10 19:13:16.664 | DEBUG    | quant.execution.simulated:submit_order:25 - FILL SELL 002657 qty=12700 price=37.45 comm=118.90
2026-05-10 19:13:16.677 | DEBUG    | quant.execution.simulated:submit_order:25 - FILL BUY 002657 qty=15100 price=27.60 comm=104.19
2026-05-10 19:13:16.681 | DEBUG    | quant.execution.simulated:submit_order:25 - FILL SELL 002657 qty=15100 price=29.18 comm=110.15
2026-05-10 19:13:16.692 | DEBUG    | quant.execution.simulated:submit_order:25 - FILL BUY 002657 qty=18700 price=22.55 comm=105.42
2026-05-10 19:13:16.693 | DEBUG    | quant.execution.simulated:submit_order:25 - FILL SELL 002657 qty=18700 price=21.25 comm=99.34
2026-05-10 19:13:16.694 | INFO     | quant.engine.backtest:run:94 - Backtest finished: 752 bars, 34 trades
INFO:     127.0.0.1:42371 - "POST /api/backtest/run HTTP/1.1" 200 OK
INFO:     127.0.0.1:41875 - "GET /api/strategy/list HTTP/1.1" 200 OK
INFO:     127.0.0.1:41887 - "GET /api/strategy/list HTTP/1.1" 200 OK
INFO:     127.0.0.1:44271 - "GET /api/strategy/list HTTP/1.1" 200 OK
INFO:     127.0.0.1:44275 - "GET /api/strategy/list HTTP/1.1" 200 OK
2026-05-10 19:22:22.777 | DEBUG    | quant.data.cache:load_cache:36 - Loading cache for 002657
2026-05-10 19:22:22.778 | INFO     | quant.data.tushare_feed:subscribe:105 - Subscribed 002657: 429 bars
2026-05-10 19:22:22.778 | INFO     | quant.engine.backtest:run:39 - Backtest started
2026-05-10 19:22:22.785 | DEBUG    | quant.execution.simulated:submit_order:25 - FILL BUY 002657 qty=17900 price=16.62 comm=74.37
2026-05-10 19:22:22.788 | DEBUG    | quant.execution.simulated:submit_order:25 - FILL SELL 002657 qty=17900 price=16.44 comm=73.57
2026-05-10 19:22:22.788 | DEBUG    | quant.execution.simulated:submit_order:25 - FILL BUY 002657 qty=17400 price=16.89 comm=73.47
2026-05-10 19:22:22.789 | DEBUG    | quant.execution.simulated:submit_order:25 - FILL SELL 002657 qty=17400 price=17.06 comm=74.21
2026-05-10 19:22:22.793 | DEBUG    | quant.execution.simulated:submit_order:25 - FILL BUY 002657 qty=18500 price=16.09 comm=74.42
2026-05-10 19:22:22.798 | DEBUG    | quant.execution.simulated:submit_order:25 - FILL SELL 002657 qty=18500 price=16.38 comm=75.76
2026-05-10 19:22:22.803 | DEBUG    | quant.execution.simulated:submit_order:25 - FILL BUY 002657 qty=20400 price=14.67 comm=74.82
2026-05-10 19:22:22.810 | DEBUG    | quant.execution.simulated:submit_order:25 - FILL SELL 002657 qty=20400 price=20.18 comm=102.92
2026-05-10 19:22:22.819 | DEBUG    | quant.execution.simulated:submit_order:25 - FILL BUY 002657 qty=20900 price=15.67 comm=81.88
2026-05-10 19:22:22.823 | DEBUG    | quant.execution.simulated:submit_order:25 - FILL SELL 002657 qty=20900 price=15.37 comm=80.31
2026-05-10 19:22:22.826 | DEBUG    | quant.execution.simulated:submit_order:25 - FILL BUY 002657 qty=24500 price=13.53 comm=82.87
2026-05-10 19:22:22.827 | DEBUG    | quant.execution.simulated:submit_order:25 - FILL SELL 002657 qty=24500 price=13.08 comm=80.11
2026-05-10 19:22:22.833 | DEBUG    | quant.execution.simulated:submit_order:25 - FILL BUY 002657 qty=26300 price=12.91 comm=84.88
2026-05-10 19:22:22.834 | DEBUG    | quant.execution.simulated:submit_order:25 - FILL SELL 002657 qty=26300 price=11.51 comm=75.68
2026-05-10 19:22:22.837 | DEBUG    | quant.execution.simulated:submit_order:25 - FILL BUY 002657 qty=27500 price=11.55 comm=79.41
2026-05-10 19:22:22.838 | DEBUG    | quant.execution.simulated:submit_order:25 - FILL SELL 002657 qty=27500 price=11.09 comm=76.24
2026-05-10 19:22:22.841 | DEBUG    | quant.execution.simulated:submit_order:25 - FILL BUY 002657 qty=28500 price=10.92 comm=77.81
2026-05-10 19:22:22.849 | DEBUG    | quant.execution.simulated:submit_order:25 - FILL SELL 002657 qty=28500 price=19.95 comm=142.14
2026-05-10 19:22:22.851 | DEBUG    | quant.execution.simulated:submit_order:25 - FILL BUY 002657 qty=16200 price=25.15 comm=101.86
2026-05-10 19:22:22.852 | DEBUG    | quant.execution.simulated:submit_order:25 - FILL SELL 002657 qty=16200 price=20.58 comm=83.35
2026-05-10 19:22:22.853 | INFO     | quant.engine.backtest:run:94 - Backtest finished: 429 bars, 20 trades
INFO:     127.0.0.1:43809 - "POST /api/backtest/run HTTP/1.1" 200 OK
2026-05-10 19:22:33.960 | DEBUG    | quant.data.cache:load_cache:36 - Loading cache for 002657
2026-05-10 19:22:33.961 | INFO     | quant.data.tushare_feed:subscribe:105 - Subscribed 002657: 752 bars
2026-05-10 19:22:33.961 | INFO     | quant.engine.backtest:run:39 - Backtest started
2026-05-10 19:22:33.970 | DEBUG    | quant.execution.simulated:submit_order:25 - FILL BUY 002657 qty=17900 price=16.62 comm=74.37
2026-05-10 19:22:33.973 | DEBUG    | quant.execution.simulated:submit_order:25 - FILL SELL 002657 qty=17900 price=16.44 comm=73.57
2026-05-10 19:22:33.973 | DEBUG    | quant.execution.simulated:submit_order:25 - FILL BUY 002657 qty=17400 price=16.89 comm=73.47
2026-05-10 19:22:33.973 | DEBUG    | quant.execution.simulated:submit_order:25 - FILL SELL 002657 qty=17400 price=17.06 comm=74.21
2026-05-10 19:22:33.977 | DEBUG    | quant.execution.simulated:submit_order:25 - FILL BUY 002657 qty=18500 price=16.09 comm=74.42
2026-05-10 19:22:33.979 | DEBUG    | quant.execution.simulated:submit_order:25 - FILL SELL 002657 qty=18500 price=16.38 comm=75.76
2026-05-10 19:22:33.984 | DEBUG    | quant.execution.simulated:submit_order:25 - FILL BUY 002657 qty=20400 price=14.67 comm=74.82
2026-05-10 19:22:33.990 | DEBUG    | quant.execution.simulated:submit_order:25 - FILL SELL 002657 qty=20400 price=20.18 comm=102.92
2026-05-10 19:22:34.002 | DEBUG    | quant.execution.simulated:submit_order:25 - FILL BUY 002657 qty=20900 price=15.67 comm=81.88
2026-05-10 19:22:34.007 | DEBUG    | quant.execution.simulated:submit_order:25 - FILL SELL 002657 qty=20900 price=15.37 comm=80.31
2026-05-10 19:22:34.010 | DEBUG    | quant.execution.simulated:submit_order:25 - FILL BUY 002657 qty=24500 price=13.53 comm=82.87
2026-05-10 19:22:34.011 | DEBUG    | quant.execution.simulated:submit_order:25 - FILL SELL 002657 qty=24500 price=13.08 comm=80.11
2026-05-10 19:22:34.018 | DEBUG    | quant.execution.simulated:submit_order:25 - FILL BUY 002657 qty=26300 price=12.91 comm=84.88
2026-05-10 19:22:34.019 | DEBUG    | quant.execution.simulated:submit_order:25 - FILL SELL 002657 qty=26300 price=11.51 comm=75.68
2026-05-10 19:22:34.022 | DEBUG    | quant.execution.simulated:submit_order:25 - FILL BUY 002657 qty=27500 price=11.55 comm=79.41
2026-05-10 19:22:34.023 | DEBUG    | quant.execution.simulated:submit_order:25 - FILL SELL 002657 qty=27500 price=11.09 comm=76.24
2026-05-10 19:22:34.026 | DEBUG    | quant.execution.simulated:submit_order:25 - FILL BUY 002657 qty=28500 price=10.92 comm=77.81
2026-05-10 19:22:34.036 | DEBUG    | quant.execution.simulated:submit_order:25 - FILL SELL 002657 qty=28500 price=19.95 comm=142.14
2026-05-10 19:22:34.037 | DEBUG    | quant.execution.simulated:submit_order:25 - FILL BUY 002657 qty=16200 price=25.15 comm=101.86
2026-05-10 19:22:34.039 | DEBUG    | quant.execution.simulated:submit_order:25 - FILL SELL 002657 qty=16200 price=20.58 comm=83.35
2026-05-10 19:22:34.043 | DEBUG    | quant.execution.simulated:submit_order:25 - FILL BUY 002657 qty=20300 price=18.26 comm=92.67
2026-05-10 19:22:34.047 | DEBUG    | quant.execution.simulated:submit_order:25 - FILL SELL 002657 qty=20300 price=18.95 comm=96.17
2026-05-10 19:22:34.048 | DEBUG    | quant.execution.simulated:submit_order:25 - FILL BUY 002657 qty=17800 price=21.18 comm=94.25
2026-05-10 19:22:34.051 | DEBUG    | quant.execution.simulated:submit_order:25 - FILL SELL 002657 qty=17800 price=19.70 comm=87.67
2026-05-10 19:22:34.054 | DEBUG    | quant.execution.simulated:submit_order:25 - FILL BUY 002657 qty=19000 price=19.24 comm=91.39
2026-05-10 19:22:34.058 | DEBUG    | quant.execution.simulated:submit_order:25 - FILL SELL 002657 qty=19000 price=19.68 comm=93.48
2026-05-10 19:22:34.059 | DEBUG    | quant.execution.simulated:submit_order:25 - FILL BUY 002657 qty=16700 price=23.50 comm=98.11
2026-05-10 19:22:34.067 | DEBUG    | quant.execution.simulated:submit_order:25 - FILL SELL 002657 qty=16700 price=28.80 comm=120.24
2026-05-10 19:22:34.068 | DEBUG    | quant.execution.simulated:submit_order:25 - FILL BUY 002657 qty=12700 price=32.15 comm=102.08
2026-05-10 19:22:34.071 | DEBUG    | quant.execution.simulated:submit_order:25 - FILL SELL 002657 qty=12700 price=37.45 comm=118.90
2026-05-10 19:22:34.084 | DEBUG    | quant.execution.simulated:submit_order:25 - FILL BUY 002657 qty=15100 price=27.60 comm=104.19
2026-05-10 19:22:34.088 | DEBUG    | quant.execution.simulated:submit_order:25 - FILL SELL 002657 qty=15100 price=29.18 comm=110.15
2026-05-10 19:22:34.097 | DEBUG    | quant.execution.simulated:submit_order:25 - FILL BUY 002657 qty=18700 price=22.55 comm=105.42
2026-05-10 19:22:34.099 | DEBUG    | quant.execution.simulated:submit_order:25 - FILL SELL 002657 qty=18700 price=21.25 comm=99.34
2026-05-10 19:22:34.100 | INFO     | quant.engine.backtest:run:94 - Backtest finished: 752 bars, 34 trades
INFO:     127.0.0.1:41339 - "POST /api/backtest/run HTTP/1.1" 200 OK
2026-05-10 19:23:56.714 | DEBUG    | quant.data.cache:load_cache:36 - Loading cache for 002657
2026-05-10 19:23:56.715 | INFO     | quant.data.tushare_feed:subscribe:105 - Subscribed 002657: 752 bars
2026-05-10 19:23:56.715 | INFO     | quant.engine.backtest:run:39 - Backtest started
2026-05-10 19:23:56.736 | DEBUG    | quant.execution.simulated:submit_order:25 - FILL BUY 002657 qty=18400 price=16.19 comm=74.47
2026-05-10 19:23:56.737 | DEBUG    | quant.execution.simulated:submit_order:25 - FILL SELL 002657 qty=18400 price=16.08 comm=73.97
2026-05-10 19:23:56.836 | DEBUG    | quant.execution.simulated:submit_order:25 - FILL BUY 002657 qty=10500 price=28.80 comm=75.60
2026-05-10 19:23:56.841 | DEBUG    | quant.execution.simulated:submit_order:25 - FILL SELL 002657 qty=5200 price=31.66 comm=41.16
2026-05-10 19:23:56.857 | DEBUG    | quant.execution.simulated:submit_order:25 - FILL SELL 002657 qty=5300 price=39.50 comm=52.34
2026-05-10 19:23:56.862 | DEBUG    | quant.execution.simulated:submit_order:25 - FILL BUY 002657 qty=8400 price=38.00 comm=79.80
2026-05-10 19:23:56.867 | DEBUG    | quant.execution.simulated:submit_order:25 - FILL SELL 002657 qty=8400 price=35.41 comm=74.36
2026-05-10 19:23:56.889 | DEBUG    | quant.execution.simulated:submit_order:25 - FILL BUY 002657 qty=10400 price=30.46 comm=79.20
2026-05-10 19:23:56.893 | DEBUG    | quant.execution.simulated:submit_order:25 - FILL SELL 002657 qty=10400 price=27.36 comm=71.14
2026-05-10 19:23:56.904 | INFO     | quant.engine.backtest:run:94 - Backtest finished: 752 bars, 9 trades
INFO:     127.0.0.1:43637 - "POST /api/backtest/run HTTP/1.1" 200 OK
