
> web@0.0.0 dev /root/quant/web
> vite --host 0.0.0.0


  VITE v8.0.8  ready in 253 ms

  ➜  Local:   http://localhost:5173/
  ➜  Network: http://10.255.255.254:5173/
  ➜  Network: http://192.168.0.100:5173/
7:09:57 PM [vite] (client) hmr update /src/components/chart/KlineChart.tsx
7:10:19 PM [vite] (client) hmr update /src/pages/BacktestPage.tsx
7:10:21 PM [vite] (client) hmr update /src/pages/BacktestPage.tsx
7:10:28 PM [vite] (client) hmr update /src/pages/BacktestPage.tsx
7:10:43 PM [vite] (client) hmr update /src/pages/ScreeningPage.tsx
7:10:45 PM [vite] (client) hmr update /src/pages/ScreeningPage.tsx
7:10:54 PM [vite] (client) hmr update /src/pages/ScreeningPage.tsx
7:16:42 PM [vite] (client) hmr update /src/components/chart/KlineChart.tsx
7:16:58 PM [vite] (client) hmr update /src/components/chart/OverlaySelector.tsx
7:16:58 PM [vite] (client) hmr invalidate /src/components/chart/OverlaySelector.tsx Could not Fast Refresh (new export)
7:16:58 PM [vite] (client) hmr update /src/pages/BacktestPage.tsx, /src/pages/ScreeningPage.tsx
7:17:00 PM [vite] (client) hmr update /src/pages/BacktestPage.tsx
7:17:01 PM [vite] (client) hmr update /src/pages/BacktestPage.tsx
7:17:05 PM [vite] (client) hmr update /src/pages/BacktestPage.tsx
7:17:10 PM [vite] (client) hmr update /src/pages/ScreeningPage.tsx
7:17:11 PM [vite] (client) hmr update /src/pages/ScreeningPage.tsx
7:17:15 PM [vite] (client) hmr update /src/pages/ScreeningPage.tsx
